 
****************************************
Report : area
Design : GF
Version: M-2016.12-SP5
Date   : Thu Dec 14 19:09:06 2017
****************************************

Library(s) Used:

    c35_CORELIB_WC (File: /opt/cad/designkits/ams/v410/synopsys/c35_3.3V/c35_CORELIB_WC.db)

Number of ports:                            9
Number of nets:                            25
Number of cells:                           19
Number of combinational cells:             19
Number of sequential cells:                 0
Number of macros/black boxes:               0
Number of buf/inv:                          5
Number of references:                       7

Combinational area:               1455.999985
Buf/Inv area:                      182.000008
Noncombinational area:               0.000000
Macro/Black Box area:                0.000000
Net Interconnect area:             360.000000

Total cell area:                  1455.999985
Total area:                       1815.999985
1
